0 info it worked if it ends with ok
1 verbose cli [ 'C:\\Program Files\\nodejs\\node.exe',
1 verbose cli   'C:\\Program Files\\nodejs\\node_modules\\npm\\bin\\npm-cli.js',
1 verbose cli   'run',
1 verbose cli   'server' ]
2 info using npm@3.5.3
3 info using node@v4.2.4
4 verbose run-script [ 'preserver', 'server', 'postserver' ]
5 info lifecycle chooseyourstory@1.0.0~preserver: chooseyourstory@1.0.0
6 silly lifecycle chooseyourstory@1.0.0~preserver: no script for preserver, continuing
7 info lifecycle chooseyourstory@1.0.0~server: chooseyourstory@1.0.0
8 verbose lifecycle chooseyourstory@1.0.0~server: unsafe-perm in lifecycle true
9 verbose lifecycle chooseyourstory@1.0.0~server: PATH: C:\Users\sgrab\AppData\Roaming\nvm\v4.2.4\node_modules\npm\bin\node-gyp-bin;C:\GitHub\ChooseYourStoryBackend\node_modules\.bin;C:\ProgramData\Oracle\Java\javapath;C:\Program Files (x86)\Intel\iCLS Client\;C:\Program Files\Intel\iCLS Client\;C:\WINDOWS\system32;C:\WINDOWS;C:\WINDOWS\System32\Wbem;C:\WINDOWS\System32\WindowsPowerShell\v1.0\;C:\Program Files (x86)\Intel\Intel(R) Management Engine Components\DAL;C:\Program Files\Intel\Intel(R) Management Engine Components\DAL;C:\Program Files (x86)\Intel\Intel(R) Management Engine Components\IPT;C:\Program Files\Intel\Intel(R) Management Engine Components\IPT;C:\Program Files (x86)\Common Files\lenovo\easyplussdk\bin;C:\Program Files (x86)\Skype\Phone\;C:\Program Files (x86)\Windows Kits\8.1\Windows Performance Toolkit\;C:\Program Files\Microsoft SQL Server\110\Tools\Binn\;C:\Program Files (x86)\GitExtensions\;C:\Program Files\OpenVPN\bin;C:\Program Files\Microsoft SQL Server\120\Tools\Binn\;C:\Program Files\Microsoft SQL Server\Client SDK\ODBC\110\Tools\Binn\;C:\Program Files (x86)\Microsoft SQL Server\120\Tools\Binn\;C:\Program Files\Microsoft SQL Server\120\DTS\Binn\;C:\Program Files (x86)\Microsoft SQL Server\120\Tools\Binn\ManagementStudio\;C:\Program Files (x86)\Microsoft SQL Server\120\DTS\Binn\;C:\Program Files\Microsoft\Web Platform Installer\;C:\Program Files\MongoDB\Server\3.2\bin\;C:\Users\sgrab\.dnx\bin;C:\Program Files\Microsoft DNX\Dnvm\;C:\Program Files\Microsoft SQL Server\130\Tools\Binn\;C:\Program Files\Java\jdk1.8.0_92\bin;C:\Users\sgrab\AppData\Local\Android\android-sdk\platform-tools;C:\Users\sgrab\AppData\Local\Android\android-sdk\tools;C:\Program Files\Git\cmd;C:\CustomCommands;C:\Program Files\dotnet\;C:\Program Files (x86)\Heroku\bin;C:\Program Files (x86)\git\cmd;C:\Program Files (x86)\Git\cmd;C:\Program Files\Intel\WiFi\bin\;C:\Program Files\Common Files\Intel\WirelessCommon\;C:\Users\sgrab\AppData\Roaming\nvm;C:\Program Files\nodejs;C:\ProgramData\chocolatey\bin;C:\Program Files (x86)\Microsoft VS Code\bin;C:\Users\sgrab\AppData\Roaming\nvm;C:\Program Files\nodejs
10 verbose lifecycle chooseyourstory@1.0.0~server: CWD: C:\GitHub\ChooseYourStoryBackend
11 silly lifecycle chooseyourstory@1.0.0~server: Args: [ '/d /s /c', 'ts-node server' ]
12 silly lifecycle chooseyourstory@1.0.0~server: Returned: code: 1  signal: null
13 info lifecycle chooseyourstory@1.0.0~server: Failed to exec server script
14 verbose stack Error: chooseyourstory@1.0.0 server: `ts-node server`
14 verbose stack Exit status 1
14 verbose stack     at EventEmitter.<anonymous> (C:\Users\sgrab\AppData\Roaming\nvm\v4.2.4\node_modules\npm\lib\utils\lifecycle.js:232:16)
14 verbose stack     at emitTwo (events.js:87:13)
14 verbose stack     at EventEmitter.emit (events.js:172:7)
14 verbose stack     at ChildProcess.<anonymous> (C:\Users\sgrab\AppData\Roaming\nvm\v4.2.4\node_modules\npm\lib\utils\spawn.js:24:14)
14 verbose stack     at emitTwo (events.js:87:13)
14 verbose stack     at ChildProcess.emit (events.js:172:7)
14 verbose stack     at maybeClose (internal/child_process.js:818:16)
14 verbose stack     at Process.ChildProcess._handle.onexit (internal/child_process.js:211:5)
15 verbose pkgid chooseyourstory@1.0.0
16 verbose cwd C:\GitHub\ChooseYourStoryBackend
17 error Windows_NT 10.0.10586
18 error argv "C:\\Program Files\\nodejs\\node.exe" "C:\\Program Files\\nodejs\\node_modules\\npm\\bin\\npm-cli.js" "run" "server"
19 error node v4.2.4
20 error npm  v3.5.3
21 error code ELIFECYCLE
22 error chooseyourstory@1.0.0 server: `ts-node server`
22 error Exit status 1
23 error Failed at the chooseyourstory@1.0.0 server script 'ts-node server'.
23 error Make sure you have the latest version of node.js and npm installed.
23 error If you do, this is most likely a problem with the chooseyourstory package,
23 error not with npm itself.
23 error Tell the author that this fails on your system:
23 error     ts-node server
23 error You can get information on how to open an issue for this project with:
23 error     npm bugs chooseyourstory
23 error Or if that isn't available, you can get their info via:
23 error     npm owner ls chooseyourstory
23 error There is likely additional logging output above.
24 verbose exit [ 1, true ]
